<?xml version="1.0" encoding="UTF-8"?>
<!-- Generated by org.testng.reporters.JUnitXMLReporter -->
<testsuite ignored="0" hostname="DaivikG" failures="0" tests="5" name="Test" time="22.357" errors="0" timestamp="2023-09-27T18:57:03 PDT">
  <testcase classname="apitests.UserApiTest" name="loginApi" time="3.514"/>
  <testcase classname="apitests.UserApiTest" name="addUserApiTest" time="0.411"/>
  <testcase classname="apitests.UserApiTest" name="getUserApiTest" time="16.428"/>
  <testcase classname="apitests.UserApiTest" name="updateUserApiTest" time="0.437"/>
  <testcase classname="apitests.UserApiTest" name="deleteUserApiTest" time="0.494"/>
</testsuite> <!-- Test -->
