<?xml version="1.0" encoding="UTF-8"?>
<testng-results ignored="0" total="5" passed="5" failed="0" skipped="0">
  <reporter-output>
  </reporter-output>
  <suite started-at="2023-10-12T15:36:50 PDT" name="Default suite" finished-at="2023-10-12T15:37:12 PDT" duration-ms="21368">
    <groups>
      <group name="cucumber">
        <method signature="AbstractTestNGCucumberTests.runScenario(io.cucumber.testng.PickleWrapper,io.cucumber.testng.FeatureWrapper)[pri:0, instance:stepdefinitions.Runner@179ece50]" name="runScenario" class="io.cucumber.testng.AbstractTestNGCucumberTests"/>
      </group> <!-- cucumber -->
    </groups>
    <test started-at="2023-10-12T15:36:50 PDT" name="Default test" finished-at="2023-10-12T15:37:12 PDT" duration-ms="21368">
      <class name="stepdefinitions.Runner">
        <test-method is-config="true" signature="setUpClass(org.testng.ITestContext)[pri:0, instance:stepdefinitions.Runner@179ece50]" started-at="2023-10-12T15:36:50 PDT" name="setUpClass" finished-at="2023-10-12T15:36:52 PDT" duration-ms="1466" status="PASS">
          <params>
            <param index="0">
              <value>
                <![CDATA[org.testng.TestRunner@7ab33ca8]]>
              </value>
            </param>
          </params>
          <reporter-output>
          </reporter-output>
        </test-method> <!-- setUpClass -->
        <test-method signature="runScenario(io.cucumber.testng.PickleWrapper,io.cucumber.testng.FeatureWrapper)[pri:0, instance:stepdefinitions.Runner@179ece50]" started-at="2023-10-12T15:36:52 PDT" name="runScenario" description="Runs Cucumber Scenarios" data-provider="scenarios" finished-at="2023-10-12T15:36:58 PDT" duration-ms="5855" status="PASS">
          <params>
            <param index="0">
              <value>
                <![CDATA["verify if user can successfully log in using valid credentials"]]>
              </value>
            </param>
            <param index="1">
              <value>
                <![CDATA["Validating users"]]>
              </value>
            </param>
          </params>
          <reporter-output>
          </reporter-output>
        </test-method> <!-- runScenario -->
        <test-method signature="runScenario(io.cucumber.testng.PickleWrapper,io.cucumber.testng.FeatureWrapper)[pri:0, instance:stepdefinitions.Runner@179ece50]" started-at="2023-10-12T15:36:58 PDT" name="runScenario" description="Runs Cucumber Scenarios" data-provider="scenarios" finished-at="2023-10-12T15:37:00 PDT" duration-ms="2650" status="PASS">
          <params>
            <param index="0">
              <value>
                <![CDATA["verify if user can be successfully added using AddUserApi"]]>
              </value>
            </param>
            <param index="1">
              <value>
                <![CDATA["Validating users"]]>
              </value>
            </param>
          </params>
          <reporter-output>
          </reporter-output>
        </test-method> <!-- runScenario -->
        <test-method signature="runScenario(io.cucumber.testng.PickleWrapper,io.cucumber.testng.FeatureWrapper)[pri:0, instance:stepdefinitions.Runner@179ece50]" started-at="2023-10-12T15:37:00 PDT" name="runScenario" description="Runs Cucumber Scenarios" data-provider="scenarios" finished-at="2023-10-12T15:37:06 PDT" duration-ms="5851" status="PASS">
          <params>
            <param index="0">
              <value>
                <![CDATA["verify if the user informations can be seen using GetUserApi"]]>
              </value>
            </param>
            <param index="1">
              <value>
                <![CDATA["Validating users"]]>
              </value>
            </param>
          </params>
          <reporter-output>
          </reporter-output>
        </test-method> <!-- runScenario -->
        <test-method signature="runScenario(io.cucumber.testng.PickleWrapper,io.cucumber.testng.FeatureWrapper)[pri:0, instance:stepdefinitions.Runner@179ece50]" started-at="2023-10-12T15:37:06 PDT" name="runScenario" description="Runs Cucumber Scenarios" data-provider="scenarios" finished-at="2023-10-12T15:37:09 PDT" duration-ms="2415" status="PASS">
          <params>
            <param index="0">
              <value>
                <![CDATA["verify if the user information can be updated using UpdateUserApi"]]>
              </value>
            </param>
            <param index="1">
              <value>
                <![CDATA["Validating users"]]>
              </value>
            </param>
          </params>
          <reporter-output>
          </reporter-output>
        </test-method> <!-- runScenario -->
        <test-method signature="runScenario(io.cucumber.testng.PickleWrapper,io.cucumber.testng.FeatureWrapper)[pri:0, instance:stepdefinitions.Runner@179ece50]" started-at="2023-10-12T15:37:09 PDT" name="runScenario" description="Runs Cucumber Scenarios" data-provider="scenarios" finished-at="2023-10-12T15:37:11 PDT" duration-ms="2575" status="PASS">
          <params>
            <param index="0">
              <value>
                <![CDATA["verify if the user is deleted using DeleteUserApi"]]>
              </value>
            </param>
            <param index="1">
              <value>
                <![CDATA["Validating users"]]>
              </value>
            </param>
          </params>
          <reporter-output>
          </reporter-output>
        </test-method> <!-- runScenario -->
        <test-method is-config="true" signature="tearDownClass()[pri:0, instance:stepdefinitions.Runner@179ece50]" started-at="2023-10-12T15:37:11 PDT" name="tearDownClass" finished-at="2023-10-12T15:37:12 PDT" duration-ms="443" status="PASS">
          <reporter-output>
          </reporter-output>
        </test-method> <!-- tearDownClass -->
      </class> <!-- stepdefinitions.Runner -->
    </test> <!-- Default test -->
  </suite> <!-- Default suite -->
</testng-results>
