<?xml version="1.0" encoding="UTF-8"?>
<testng-results ignored="0" total="5" passed="5" failed="0" skipped="0">
  <reporter-output>
  </reporter-output>
  <suite started-at="2023-09-28T19:15:10 PDT" name="Default suite" finished-at="2023-09-28T19:15:36 PDT" duration-ms="26002">
    <groups>
      <group name="cucumber">
        <method signature="AbstractTestNGCucumberTests.runScenario(io.cucumber.testng.PickleWrapper,io.cucumber.testng.FeatureWrapper)[pri:0, instance:stepdefinitions.Runner@c730b35]" name="runScenario" class="io.cucumber.testng.AbstractTestNGCucumberTests"/>
      </group> <!-- cucumber -->
    </groups>
    <test started-at="2023-09-28T19:15:10 PDT" name="Default test" finished-at="2023-09-28T19:15:36 PDT" duration-ms="26002">
      <class name="stepdefinitions.Runner">
        <test-method is-config="true" signature="setUpClass(org.testng.ITestContext)[pri:0, instance:stepdefinitions.Runner@c730b35]" started-at="2023-09-28T19:15:10 PDT" name="setUpClass" finished-at="2023-09-28T19:15:11 PDT" duration-ms="1246" status="PASS">
          <params>
            <param index="0">
              <value>
                <![CDATA[org.testng.TestRunner@395a573c]]>
              </value>
            </param>
          </params>
          <reporter-output>
          </reporter-output>
        </test-method> <!-- setUpClass -->
        <test-method signature="runScenario(io.cucumber.testng.PickleWrapper,io.cucumber.testng.FeatureWrapper)[pri:0, instance:stepdefinitions.Runner@c730b35]" started-at="2023-09-28T19:15:11 PDT" name="runScenario" description="Runs Cucumber Scenarios" data-provider="scenarios" finished-at="2023-09-28T19:15:18 PDT" duration-ms="7141" status="PASS">
          <params>
            <param index="0">
              <value>
                <![CDATA["verify if user can successfully log in using valid credentials"]]>
              </value>
            </param>
            <param index="1">
              <value>
                <![CDATA["Validating users"]]>
              </value>
            </param>
          </params>
          <reporter-output>
          </reporter-output>
        </test-method> <!-- runScenario -->
        <test-method signature="runScenario(io.cucumber.testng.PickleWrapper,io.cucumber.testng.FeatureWrapper)[pri:0, instance:stepdefinitions.Runner@c730b35]" started-at="2023-09-28T19:15:18 PDT" name="runScenario" description="Runs Cucumber Scenarios" data-provider="scenarios" finished-at="2023-09-28T19:15:23 PDT" duration-ms="4816" status="PASS">
          <params>
            <param index="0">
              <value>
                <![CDATA["verify if user can be successfully added using AddUserApi"]]>
              </value>
            </param>
            <param index="1">
              <value>
                <![CDATA["Validating users"]]>
              </value>
            </param>
          </params>
          <reporter-output>
          </reporter-output>
        </test-method> <!-- runScenario -->
        <test-method signature="runScenario(io.cucumber.testng.PickleWrapper,io.cucumber.testng.FeatureWrapper)[pri:0, instance:stepdefinitions.Runner@c730b35]" started-at="2023-09-28T19:15:23 PDT" name="runScenario" description="Runs Cucumber Scenarios" data-provider="scenarios" finished-at="2023-09-28T19:15:30 PDT" duration-ms="6913" status="PASS">
          <params>
            <param index="0">
              <value>
                <![CDATA["verify if the user informations can be seen using GetUserApi"]]>
              </value>
            </param>
            <param index="1">
              <value>
                <![CDATA["Validating users"]]>
              </value>
            </param>
          </params>
          <reporter-output>
          </reporter-output>
        </test-method> <!-- runScenario -->
        <test-method signature="runScenario(io.cucumber.testng.PickleWrapper,io.cucumber.testng.FeatureWrapper)[pri:0, instance:stepdefinitions.Runner@c730b35]" started-at="2023-09-28T19:15:30 PDT" name="runScenario" description="Runs Cucumber Scenarios" data-provider="scenarios" finished-at="2023-09-28T19:15:33 PDT" duration-ms="2995" status="PASS">
          <params>
            <param index="0">
              <value>
                <![CDATA["verify if the user information can be updated using UpdateUserApi"]]>
              </value>
            </param>
            <param index="1">
              <value>
                <![CDATA["Validating users"]]>
              </value>
            </param>
          </params>
          <reporter-output>
          </reporter-output>
        </test-method> <!-- runScenario -->
        <test-method signature="runScenario(io.cucumber.testng.PickleWrapper,io.cucumber.testng.FeatureWrapper)[pri:0, instance:stepdefinitions.Runner@c730b35]" started-at="2023-09-28T19:15:33 PDT" name="runScenario" description="Runs Cucumber Scenarios" data-provider="scenarios" finished-at="2023-09-28T19:15:35 PDT" duration-ms="2347" status="PASS">
          <params>
            <param index="0">
              <value>
                <![CDATA["verify if the user is deleted using DeleteUserApi"]]>
              </value>
            </param>
            <param index="1">
              <value>
                <![CDATA["Validating users"]]>
              </value>
            </param>
          </params>
          <reporter-output>
          </reporter-output>
        </test-method> <!-- runScenario -->
        <test-method is-config="true" signature="tearDownClass()[pri:0, instance:stepdefinitions.Runner@c730b35]" started-at="2023-09-28T19:15:36 PDT" name="tearDownClass" finished-at="2023-09-28T19:15:36 PDT" duration-ms="418" status="PASS">
          <reporter-output>
          </reporter-output>
        </test-method> <!-- tearDownClass -->
      </class> <!-- stepdefinitions.Runner -->
    </test> <!-- Default test -->
  </suite> <!-- Default suite -->
</testng-results>
